<?xml version="1.0" encoding="UTF-8"?>
<coverage generated="1544114474649" clover="3.2.0">
  <project timestamp="1544114474649" name="All files">
    <metrics statements="246" coveredstatements="246" conditionals="30" coveredconditionals="30" methods="69" coveredmethods="69" elements="345" coveredelements="345" complexity="0" loc="246" ncloc="246" packages="2" files="5" classes="5">
      <package name="bedenkog-local-news-articles-and-events">
        <metrics statements="87" coveredstatements="87" conditionals="12" coveredconditionals="12" methods="12" coveredmethods="12"/>
        <file name="articles-and-events-api.js" path="/home/genaro/Desktop/340CT/bedenkog-local-news-articles-and-events/articles-and-events-api.js">
          <metrics statements="87" coveredstatements="87" conditionals="12" coveredconditionals="12" methods="12" coveredmethods="12"/>
          <line num="5" count="1" type="stmt"/>
          <line num="8" count="1" type="stmt"/>
          <line num="9" count="1" type="stmt"/>
          <line num="10" count="1" type="stmt"/>
          <line num="13" count="1" type="stmt"/>
          <line num="14" count="1" type="stmt"/>
          <line num="15" count="1" type="stmt"/>
          <line num="18" count="1" type="stmt"/>
          <line num="21" count="1" type="stmt"/>
          <line num="24" count="1" type="stmt"/>
          <line num="25" count="1" type="stmt"/>
          <line num="28" count="1" type="stmt"/>
          <line num="29" count="30" type="stmt"/>
          <line num="30" count="30" type="stmt"/>
          <line num="31" count="30" type="stmt"/>
          <line num="35" count="1" type="stmt"/>
          <line num="38" count="3" type="stmt"/>
          <line num="41" count="3" type="stmt"/>
          <line num="44" count="3" type="stmt"/>
          <line num="45" count="3" type="stmt"/>
          <line num="49" count="1" type="stmt"/>
          <line num="52" count="3" type="stmt"/>
          <line num="55" count="3" type="stmt"/>
          <line num="58" count="3" type="stmt"/>
          <line num="59" count="3" type="stmt"/>
          <line num="63" count="1" type="stmt"/>
          <line num="66" count="3" type="stmt"/>
          <line num="69" count="3" type="stmt"/>
          <line num="71" count="3" type="cond" truecount="2" falsecount="0"/>
          <line num="73" count="2" type="stmt"/>
          <line num="74" count="2" type="stmt"/>
          <line num="77" count="1" type="stmt"/>
          <line num="78" count="1" type="stmt"/>
          <line num="83" count="1" type="stmt"/>
          <line num="86" count="3" type="stmt"/>
          <line num="89" count="3" type="stmt"/>
          <line num="91" count="3" type="cond" truecount="2" falsecount="0"/>
          <line num="93" count="2" type="stmt"/>
          <line num="94" count="2" type="stmt"/>
          <line num="96" count="1" type="stmt"/>
          <line num="97" count="1" type="stmt"/>
          <line num="102" count="1" type="stmt"/>
          <line num="105" count="3" type="stmt"/>
          <line num="108" count="3" type="stmt"/>
          <line num="110" count="3" type="cond" truecount="2" falsecount="0"/>
          <line num="112" count="2" type="stmt"/>
          <line num="113" count="2" type="stmt"/>
          <line num="115" count="1" type="stmt"/>
          <line num="116" count="1" type="stmt"/>
          <line num="121" count="1" type="stmt"/>
          <line num="124" count="3" type="stmt"/>
          <line num="127" count="3" type="stmt"/>
          <line num="130" count="3" type="stmt"/>
          <line num="131" count="3" type="stmt"/>
          <line num="135" count="1" type="stmt"/>
          <line num="138" count="3" type="stmt"/>
          <line num="141" count="3" type="stmt"/>
          <line num="144" count="3" type="stmt"/>
          <line num="145" count="3" type="stmt"/>
          <line num="149" count="1" type="stmt"/>
          <line num="152" count="3" type="stmt"/>
          <line num="155" count="3" type="stmt"/>
          <line num="157" count="3" type="cond" truecount="2" falsecount="0"/>
          <line num="159" count="2" type="stmt"/>
          <line num="160" count="2" type="stmt"/>
          <line num="163" count="1" type="stmt"/>
          <line num="164" count="1" type="stmt"/>
          <line num="169" count="1" type="stmt"/>
          <line num="172" count="3" type="stmt"/>
          <line num="175" count="3" type="stmt"/>
          <line num="177" count="3" type="cond" truecount="2" falsecount="0"/>
          <line num="179" count="2" type="stmt"/>
          <line num="180" count="2" type="stmt"/>
          <line num="182" count="1" type="stmt"/>
          <line num="183" count="1" type="stmt"/>
          <line num="188" count="1" type="stmt"/>
          <line num="191" count="3" type="stmt"/>
          <line num="194" count="3" type="stmt"/>
          <line num="196" count="3" type="cond" truecount="2" falsecount="0"/>
          <line num="198" count="2" type="stmt"/>
          <line num="199" count="2" type="stmt"/>
          <line num="201" count="1" type="stmt"/>
          <line num="202" count="1" type="stmt"/>
          <line num="207" count="1" type="stmt"/>
          <line num="208" count="1" type="stmt"/>
          <line num="211" count="1" type="stmt"/>
          <line num="214" count="1" type="stmt"/>
        </file>
      </package>
      <package name="bedenkog-local-news-articles-and-events.modules">
        <metrics statements="159" coveredstatements="159" conditionals="18" coveredconditionals="18" methods="57" coveredmethods="57"/>
        <file name="articles-and-events-db.js" path="/home/genaro/Desktop/340CT/bedenkog-local-news-articles-and-events/modules/articles-and-events-db.js">
          <metrics statements="58" coveredstatements="58" conditionals="10" coveredconditionals="10" methods="24" coveredmethods="24"/>
          <line num="4" count="5" type="stmt"/>
          <line num="5" count="5" type="stmt"/>
          <line num="7" count="5" type="stmt"/>
          <line num="10" count="6" type="stmt"/>
          <line num="12" count="6" type="stmt"/>
          <line num="16" count="6" type="stmt"/>
          <line num="18" count="6" type="cond" truecount="2" falsecount="0"/>
          <line num="20" count="6" type="stmt"/>
          <line num="21" count="6" type="stmt"/>
          <line num="23" count="5" type="stmt"/>
          <line num="24" count="5" type="stmt"/>
          <line num="25" count="5" type="stmt"/>
          <line num="26" count="5" type="stmt"/>
          <line num="30" count="1" type="stmt"/>
          <line num="36" count="5" type="stmt"/>
          <line num="40" count="2" type="stmt"/>
          <line num="42" count="2" type="cond" truecount="2" falsecount="0"/>
          <line num="44" count="2" type="stmt"/>
          <line num="46" count="2" type="stmt"/>
          <line num="50" count="1" type="stmt"/>
          <line num="51" count="1" type="stmt"/>
          <line num="52" count="1" type="stmt"/>
          <line num="56" count="1" type="stmt"/>
          <line num="62" count="5" type="stmt"/>
          <line num="64" count="2" type="stmt"/>
          <line num="66" count="2" type="cond" truecount="2" falsecount="0"/>
          <line num="68" count="2" type="stmt"/>
          <line num="69" count="2" type="stmt"/>
          <line num="71" count="1" type="stmt"/>
          <line num="72" count="1" type="stmt"/>
          <line num="73" count="1" type="stmt"/>
          <line num="77" count="1" type="stmt"/>
          <line num="83" count="5" type="stmt"/>
          <line num="87" count="2" type="stmt"/>
          <line num="89" count="2" type="cond" truecount="2" falsecount="0"/>
          <line num="91" count="2" type="stmt"/>
          <line num="92" count="2" type="stmt"/>
          <line num="94" count="1" type="stmt"/>
          <line num="95" count="1" type="stmt"/>
          <line num="96" count="1" type="stmt"/>
          <line num="97" count="1" type="stmt"/>
          <line num="101" count="1" type="stmt"/>
          <line num="107" count="7" type="stmt"/>
          <line num="111" count="7" type="stmt"/>
          <line num="113" count="7" type="cond" truecount="2" falsecount="0"/>
          <line num="115" count="7" type="stmt"/>
          <line num="116" count="7" type="stmt"/>
          <line num="118" count="6" type="stmt"/>
          <line num="119" count="6" type="stmt"/>
          <line num="120" count="6" type="stmt"/>
          <line num="121" count="6" type="stmt"/>
          <line num="125" count="1" type="stmt"/>
          <line num="131" count="6" type="stmt"/>
          <line num="133" count="6" type="stmt"/>
          <line num="135" count="6" type="stmt"/>
          <line num="137" count="6" type="stmt"/>
          <line num="138" count="6" type="stmt"/>
          <line num="139" count="6" type="stmt"/>
        </file>
        <file name="articles-controller.js" path="/home/genaro/Desktop/340CT/bedenkog-local-news-articles-and-events/modules/articles-controller.js">
          <metrics statements="48" coveredstatements="48" conditionals="4" coveredconditionals="4" methods="16" coveredmethods="16"/>
          <line num="3" count="2" type="stmt"/>
          <line num="4" count="2" type="stmt"/>
          <line num="6" count="2" type="stmt"/>
          <line num="9" count="2" type="stmt"/>
          <line num="12" count="2" type="stmt"/>
          <line num="14" count="2" type="stmt"/>
          <line num="15" count="1" type="stmt"/>
          <line num="16" count="1" type="stmt"/>
          <line num="18" count="2" type="stmt"/>
          <line num="21" count="2" type="stmt"/>
          <line num="23" count="2" type="stmt"/>
          <line num="27" count="2" type="stmt"/>
          <line num="29" count="2" type="stmt"/>
          <line num="30" count="1" type="stmt"/>
          <line num="31" count="1" type="stmt"/>
          <line num="33" count="2" type="stmt"/>
          <line num="35" count="2" type="stmt"/>
          <line num="39" count="2" type="stmt"/>
          <line num="41" count="3" type="stmt"/>
          <line num="44" count="3" type="stmt"/>
          <line num="46" count="3" type="cond" truecount="2" falsecount="0"/>
          <line num="50" count="1" type="stmt"/>
          <line num="51" count="1" type="stmt"/>
          <line num="54" count="1" type="stmt"/>
          <line num="58" count="2" type="cond" truecount="2" falsecount="0"/>
          <line num="61" count="1" type="stmt"/>
          <line num="64" count="1" type="stmt"/>
          <line num="67" count="1" type="stmt"/>
          <line num="68" count="1" type="stmt"/>
          <line num="71" count="1" type="stmt"/>
          <line num="76" count="1" type="stmt"/>
          <line num="79" count="1" type="stmt"/>
          <line num="82" count="1" type="stmt"/>
          <line num="83" count="1" type="stmt"/>
          <line num="86" count="1" type="stmt"/>
          <line num="92" count="3" type="stmt"/>
          <line num="96" count="2" type="stmt"/>
          <line num="98" count="3" type="stmt"/>
          <line num="99" count="1" type="stmt"/>
          <line num="100" count="2" type="stmt"/>
          <line num="102" count="3" type="stmt"/>
          <line num="104" count="3" type="stmt"/>
          <line num="108" count="2" type="stmt"/>
          <line num="110" count="2" type="stmt"/>
          <line num="111" count="1" type="stmt"/>
          <line num="112" count="1" type="stmt"/>
          <line num="114" count="2" type="stmt"/>
          <line num="116" count="2" type="stmt"/>
        </file>
        <file name="events-controller.js" path="/home/genaro/Desktop/340CT/bedenkog-local-news-articles-and-events/modules/events-controller.js">
          <metrics statements="48" coveredstatements="48" conditionals="4" coveredconditionals="4" methods="16" coveredmethods="16"/>
          <line num="3" count="2" type="stmt"/>
          <line num="4" count="2" type="stmt"/>
          <line num="6" count="2" type="stmt"/>
          <line num="9" count="2" type="stmt"/>
          <line num="12" count="2" type="stmt"/>
          <line num="14" count="2" type="stmt"/>
          <line num="15" count="1" type="stmt"/>
          <line num="16" count="1" type="stmt"/>
          <line num="18" count="2" type="stmt"/>
          <line num="21" count="2" type="stmt"/>
          <line num="23" count="2" type="stmt"/>
          <line num="27" count="2" type="stmt"/>
          <line num="29" count="2" type="stmt"/>
          <line num="30" count="1" type="stmt"/>
          <line num="31" count="1" type="stmt"/>
          <line num="33" count="2" type="stmt"/>
          <line num="35" count="2" type="stmt"/>
          <line num="39" count="2" type="stmt"/>
          <line num="41" count="3" type="stmt"/>
          <line num="44" count="3" type="stmt"/>
          <line num="46" count="3" type="cond" truecount="2" falsecount="0"/>
          <line num="50" count="1" type="stmt"/>
          <line num="51" count="1" type="stmt"/>
          <line num="54" count="1" type="stmt"/>
          <line num="58" count="2" type="cond" truecount="2" falsecount="0"/>
          <line num="61" count="1" type="stmt"/>
          <line num="64" count="1" type="stmt"/>
          <line num="67" count="1" type="stmt"/>
          <line num="68" count="1" type="stmt"/>
          <line num="71" count="1" type="stmt"/>
          <line num="76" count="1" type="stmt"/>
          <line num="79" count="1" type="stmt"/>
          <line num="82" count="1" type="stmt"/>
          <line num="83" count="1" type="stmt"/>
          <line num="86" count="1" type="stmt"/>
          <line num="92" count="3" type="stmt"/>
          <line num="96" count="2" type="stmt"/>
          <line num="98" count="3" type="stmt"/>
          <line num="99" count="1" type="stmt"/>
          <line num="100" count="2" type="stmt"/>
          <line num="102" count="3" type="stmt"/>
          <line num="104" count="3" type="stmt"/>
          <line num="108" count="2" type="stmt"/>
          <line num="110" count="2" type="stmt"/>
          <line num="111" count="1" type="stmt"/>
          <line num="112" count="1" type="stmt"/>
          <line num="114" count="2" type="stmt"/>
          <line num="116" count="2" type="stmt"/>
        </file>
        <file name="notify-administrator.js" path="/home/genaro/Desktop/340CT/bedenkog-local-news-articles-and-events/modules/notify-administrator.js">
          <metrics statements="5" coveredstatements="5" conditionals="0" coveredconditionals="0" methods="1" coveredmethods="1"/>
          <line num="3" count="4" type="stmt"/>
          <line num="5" count="4" type="stmt"/>
          <line num="13" count="4" type="stmt"/>
          <line num="15" count="4" type="stmt"/>
          <line num="22" count="4" type="stmt"/>
        </file>
      </package>
    </metrics>
  </project>
</coverage>
