{"/home/genaro/Desktop/340CT/bedenkog-local-news-articles-and-events/articles-and-events-api.js": {"path":"/home/genaro/Desktop/340CT/bedenkog-local-news-articles-and-events/articles-and-events-api.js","statementMap":{"0":{"start":{"line":5,"column":0},"end":{"line":5,"column":59}},"1":{"start":{"line":8,"column":12},"end":{"line":8,"column":26}},"2":{"start":{"line":9,"column":15},"end":{"line":9,"column":36}},"3":{"start":{"line":10,"column":19},"end":{"line":10,"column":44}},"4":{"start":{"line":13,"column":12},"end":{"line":13,"column":21}},"5":{"start":{"line":14,"column":0},"end":{"line":14,"column":21}},"6":{"start":{"line":15,"column":15},"end":{"line":15,"column":27}},"7":{"start":{"line":18,"column":15},"end":{"line":18,"column":43}},"8":{"start":{"line":21,"column":13},"end":{"line":21,"column":17}},"9":{"start":{"line":24,"column":27},"end":{"line":24,"column":67}},"10":{"start":{"line":25,"column":25},"end":{"line":25,"column":63}},"11":{"start":{"line":28,"column":0},"end":{"line":32,"column":2}},"12":{"start":{"line":29,"column":1},"end":{"line":29,"column":52}},"13":{"start":{"line":30,"column":1},"end":{"line":30,"column":44}},"14":{"start":{"line":31,"column":1},"end":{"line":31,"column":13}},"15":{"start":{"line":35,"column":0},"end":{"line":46,"column":2}},"16":{"start":{"line":38,"column":1},"end":{"line":38,"column":24}},"17":{"start":{"line":41,"column":18},"end":{"line":41,"column":67}},"18":{"start":{"line":44,"column":1},"end":{"line":44,"column":23}},"19":{"start":{"line":45,"column":1},"end":{"line":45,"column":20}},"20":{"start":{"line":49,"column":0},"end":{"line":60,"column":2}},"21":{"start":{"line":52,"column":1},"end":{"line":52,"column":24}},"22":{"start":{"line":55,"column":17},"end":{"line":55,"column":72}},"23":{"start":{"line":58,"column":1},"end":{"line":58,"column":23}},"24":{"start":{"line":59,"column":1},"end":{"line":59,"column":19}},"25":{"start":{"line":63,"column":0},"end":{"line":74,"column":2}},"26":{"start":{"line":66,"column":1},"end":{"line":66,"column":25}},"27":{"start":{"line":69,"column":28},"end":{"line":69,"column":74}},"28":{"start":{"line":72,"column":1},"end":{"line":72,"column":28}},"29":{"start":{"line":73,"column":1},"end":{"line":73,"column":77}},"30":{"start":{"line":77,"column":0},"end":{"line":88,"column":2}},"31":{"start":{"line":80,"column":1},"end":{"line":80,"column":24}},"32":{"start":{"line":83,"column":31},"end":{"line":83,"column":103}},"33":{"start":{"line":86,"column":1},"end":{"line":86,"column":28}},"34":{"start":{"line":87,"column":1},"end":{"line":87,"column":82}},"35":{"start":{"line":91,"column":0},"end":{"line":102,"column":2}},"36":{"start":{"line":94,"column":1},"end":{"line":94,"column":27}},"37":{"start":{"line":97,"column":31},"end":{"line":97,"column":85}},"38":{"start":{"line":100,"column":1},"end":{"line":100,"column":23}},"39":{"start":{"line":101,"column":1},"end":{"line":101,"column":82}},"40":{"start":{"line":105,"column":0},"end":{"line":116,"column":2}},"41":{"start":{"line":108,"column":1},"end":{"line":108,"column":24}},"42":{"start":{"line":111,"column":16},"end":{"line":111,"column":63}},"43":{"start":{"line":114,"column":1},"end":{"line":114,"column":23}},"44":{"start":{"line":115,"column":1},"end":{"line":115,"column":18}},"45":{"start":{"line":119,"column":0},"end":{"line":130,"column":2}},"46":{"start":{"line":122,"column":1},"end":{"line":122,"column":24}},"47":{"start":{"line":125,"column":15},"end":{"line":125,"column":66}},"48":{"start":{"line":128,"column":1},"end":{"line":128,"column":23}},"49":{"start":{"line":129,"column":1},"end":{"line":129,"column":17}},"50":{"start":{"line":133,"column":0},"end":{"line":144,"column":2}},"51":{"start":{"line":136,"column":1},"end":{"line":136,"column":25}},"52":{"start":{"line":139,"column":26},"end":{"line":139,"column":70}},"53":{"start":{"line":142,"column":1},"end":{"line":142,"column":28}},"54":{"start":{"line":143,"column":1},"end":{"line":143,"column":73}},"55":{"start":{"line":147,"column":0},"end":{"line":158,"column":2}},"56":{"start":{"line":150,"column":1},"end":{"line":150,"column":24}},"57":{"start":{"line":153,"column":29},"end":{"line":153,"column":97}},"58":{"start":{"line":156,"column":1},"end":{"line":156,"column":28}},"59":{"start":{"line":157,"column":1},"end":{"line":157,"column":78}},"60":{"start":{"line":161,"column":0},"end":{"line":172,"column":2}},"61":{"start":{"line":164,"column":1},"end":{"line":164,"column":27}},"62":{"start":{"line":167,"column":29},"end":{"line":167,"column":79}},"63":{"start":{"line":170,"column":1},"end":{"line":170,"column":23}},"64":{"start":{"line":171,"column":1},"end":{"line":171,"column":78}},"65":{"start":{"line":175,"column":0},"end":{"line":175,"column":24}},"66":{"start":{"line":176,"column":0},"end":{"line":176,"column":32}},"67":{"start":{"line":179,"column":15},"end":{"line":179,"column":86}},"68":{"start":{"line":179,"column":38},"end":{"line":179,"column":85}},"69":{"start":{"line":182,"column":0},"end":{"line":182,"column":23}}},"fnMap":{"0":{"name":"(anonymous_0)","decl":{"start":{"line":28,"column":9},"end":{"line":28,"column":10}},"loc":{"start":{"line":28,"column":29},"end":{"line":32,"column":1}},"line":28},"1":{"name":"(anonymous_1)","decl":{"start":{"line":35,"column":33},"end":{"line":35,"column":34}},"loc":{"start":{"line":35,"column":46},"end":{"line":46,"column":1}},"line":35},"2":{"name":"(anonymous_2)","decl":{"start":{"line":49,"column":45},"end":{"line":49,"column":46}},"loc":{"start":{"line":49,"column":58},"end":{"line":60,"column":1}},"line":49},"3":{"name":"(anonymous_3)","decl":{"start":{"line":63,"column":34},"end":{"line":63,"column":35}},"loc":{"start":{"line":63,"column":47},"end":{"line":74,"column":1}},"line":63},"4":{"name":"(anonymous_4)","decl":{"start":{"line":77,"column":45},"end":{"line":77,"column":46}},"loc":{"start":{"line":77,"column":58},"end":{"line":88,"column":1}},"line":77},"5":{"name":"(anonymous_5)","decl":{"start":{"line":91,"column":45},"end":{"line":91,"column":46}},"loc":{"start":{"line":91,"column":58},"end":{"line":102,"column":1}},"line":91},"6":{"name":"(anonymous_6)","decl":{"start":{"line":105,"column":31},"end":{"line":105,"column":32}},"loc":{"start":{"line":105,"column":44},"end":{"line":116,"column":1}},"line":105},"7":{"name":"(anonymous_7)","decl":{"start":{"line":119,"column":41},"end":{"line":119,"column":42}},"loc":{"start":{"line":119,"column":54},"end":{"line":130,"column":1}},"line":119},"8":{"name":"(anonymous_8)","decl":{"start":{"line":133,"column":32},"end":{"line":133,"column":33}},"loc":{"start":{"line":133,"column":45},"end":{"line":144,"column":1}},"line":133},"9":{"name":"(anonymous_9)","decl":{"start":{"line":147,"column":41},"end":{"line":147,"column":42}},"loc":{"start":{"line":147,"column":54},"end":{"line":158,"column":1}},"line":147},"10":{"name":"(anonymous_10)","decl":{"start":{"line":161,"column":41},"end":{"line":161,"column":42}},"loc":{"start":{"line":161,"column":54},"end":{"line":172,"column":1}},"line":161},"11":{"name":"(anonymous_11)","decl":{"start":{"line":179,"column":32},"end":{"line":179,"column":33}},"loc":{"start":{"line":179,"column":38},"end":{"line":179,"column":85}},"line":179}},"branchMap":{},"s":{"0":1,"1":1,"2":1,"3":1,"4":1,"5":1,"6":1,"7":1,"8":1,"9":1,"10":1,"11":1,"12":20,"13":20,"14":20,"15":1,"16":2,"17":2,"18":2,"19":2,"20":1,"21":2,"22":2,"23":2,"24":2,"25":1,"26":2,"27":2,"28":2,"29":2,"30":1,"31":2,"32":2,"33":2,"34":2,"35":1,"36":2,"37":2,"38":2,"39":2,"40":1,"41":2,"42":2,"43":2,"44":2,"45":1,"46":2,"47":2,"48":2,"49":2,"50":1,"51":2,"52":2,"53":2,"54":2,"55":1,"56":2,"57":2,"58":2,"59":2,"60":1,"61":2,"62":2,"63":2,"64":2,"65":1,"66":1,"67":1,"68":1,"69":1},"f":{"0":20,"1":2,"2":2,"3":2,"4":2,"5":2,"6":2,"7":2,"8":2,"9":2,"10":2,"11":1},"b":{},"_coverageSchema":"332fd63041d2c1bcb487cc26dd0d5f7d97098a6c","hash":"c785ff6403bc1c7268a31046d1a00123c13b368e"}
,"/home/genaro/Desktop/340CT/bedenkog-local-news-articles-and-events/modules/articles-and-events-db.js": {"path":"/home/genaro/Desktop/340CT/bedenkog-local-news-articles-and-events/modules/articles-and-events-db.js","statementMap":{"0":{"start":{"line":4,"column":20},"end":{"line":4,"column":50}},"1":{"start":{"line":5,"column":16},"end":{"line":5,"column":34}},"2":{"start":{"line":7,"column":21},"end":{"line":7,"column":55}},"3":{"start":{"line":10,"column":0},"end":{"line":26,"column":2}},"4":{"start":{"line":10,"column":80},"end":{"line":26,"column":2}},"5":{"start":{"line":12,"column":1},"end":{"line":12,"column":105}},"6":{"start":{"line":16,"column":1},"end":{"line":25,"column":3}},"7":{"start":{"line":18,"column":14},"end":{"line":18,"column":33}},"8":{"start":{"line":20,"column":2},"end":{"line":24,"column":4}},"9":{"start":{"line":21,"column":3},"end":{"line":21,"column":108}},"10":{"start":{"line":22,"column":3},"end":{"line":22,"column":13}},"11":{"start":{"line":23,"column":3},"end":{"line":23,"column":16}},"12":{"start":{"line":29,"column":0},"end":{"line":45,"column":2}},"13":{"start":{"line":29,"column":92},"end":{"line":45,"column":2}},"14":{"start":{"line":33,"column":1},"end":{"line":44,"column":3}},"15":{"start":{"line":36,"column":14},"end":{"line":36,"column":33}},"16":{"start":{"line":40,"column":2},"end":{"line":43,"column":4}},"17":{"start":{"line":41,"column":3},"end":{"line":41,"column":13}},"18":{"start":{"line":42,"column":3},"end":{"line":42,"column":18}},"19":{"start":{"line":48,"column":0},"end":{"line":59,"column":2}},"20":{"start":{"line":48,"column":81},"end":{"line":59,"column":2}},"21":{"start":{"line":50,"column":1},"end":{"line":58,"column":3}},"22":{"start":{"line":52,"column":14},"end":{"line":52,"column":33}},"23":{"start":{"line":54,"column":2},"end":{"line":57,"column":4}},"24":{"start":{"line":55,"column":3},"end":{"line":55,"column":13}},"25":{"start":{"line":56,"column":3},"end":{"line":56,"column":18}},"26":{"start":{"line":62,"column":0},"end":{"line":76,"column":2}},"27":{"start":{"line":62,"column":87},"end":{"line":76,"column":2}},"28":{"start":{"line":66,"column":1},"end":{"line":75,"column":3}},"29":{"start":{"line":68,"column":14},"end":{"line":68,"column":33}},"30":{"start":{"line":70,"column":2},"end":{"line":74,"column":4}},"31":{"start":{"line":71,"column":3},"end":{"line":71,"column":70}},"32":{"start":{"line":72,"column":3},"end":{"line":72,"column":13}},"33":{"start":{"line":73,"column":3},"end":{"line":73,"column":16}},"34":{"start":{"line":79,"column":0},"end":{"line":93,"column":2}},"35":{"start":{"line":79,"column":70},"end":{"line":93,"column":2}},"36":{"start":{"line":83,"column":1},"end":{"line":92,"column":3}},"37":{"start":{"line":85,"column":14},"end":{"line":85,"column":33}},"38":{"start":{"line":87,"column":2},"end":{"line":91,"column":4}},"39":{"start":{"line":88,"column":3},"end":{"line":88,"column":70}},"40":{"start":{"line":89,"column":3},"end":{"line":89,"column":13}},"41":{"start":{"line":90,"column":3},"end":{"line":90,"column":16}},"42":{"start":{"line":96,"column":0},"end":{"line":107,"column":2}},"43":{"start":{"line":96,"column":86},"end":{"line":107,"column":2}},"44":{"start":{"line":98,"column":1},"end":{"line":106,"column":3}},"45":{"start":{"line":100,"column":14},"end":{"line":100,"column":33}},"46":{"start":{"line":102,"column":2},"end":{"line":105,"column":4}},"47":{"start":{"line":103,"column":3},"end":{"line":103,"column":13}},"48":{"start":{"line":104,"column":3},"end":{"line":104,"column":18}}},"fnMap":{"0":{"name":"(anonymous_0)","decl":{"start":{"line":10,"column":34},"end":{"line":10,"column":35}},"loc":{"start":{"line":10,"column":80},"end":{"line":26,"column":2}},"line":10},"1":{"name":"(anonymous_1)","decl":{"start":{"line":10,"column":92},"end":{"line":10,"column":93}},"loc":{"start":{"line":10,"column":113},"end":{"line":26,"column":1}},"line":10},"2":{"name":"(anonymous_2)","decl":{"start":{"line":16,"column":34},"end":{"line":16,"column":35}},"loc":{"start":{"line":16,"column":47},"end":{"line":25,"column":2}},"line":16},"3":{"name":"(anonymous_3)","decl":{"start":{"line":20,"column":56},"end":{"line":20,"column":57}},"loc":{"start":{"line":20,"column":70},"end":{"line":24,"column":3}},"line":20},"4":{"name":"(anonymous_4)","decl":{"start":{"line":29,"column":31},"end":{"line":29,"column":32}},"loc":{"start":{"line":29,"column":92},"end":{"line":45,"column":2}},"line":29},"5":{"name":"(anonymous_5)","decl":{"start":{"line":29,"column":104},"end":{"line":29,"column":105}},"loc":{"start":{"line":29,"column":125},"end":{"line":45,"column":1}},"line":29},"6":{"name":"(anonymous_6)","decl":{"start":{"line":33,"column":34},"end":{"line":33,"column":35}},"loc":{"start":{"line":33,"column":47},"end":{"line":44,"column":2}},"line":33},"7":{"name":"(anonymous_7)","decl":{"start":{"line":40,"column":79},"end":{"line":40,"column":80}},"loc":{"start":{"line":40,"column":96},"end":{"line":43,"column":3}},"line":40},"8":{"name":"(anonymous_8)","decl":{"start":{"line":48,"column":36},"end":{"line":48,"column":37}},"loc":{"start":{"line":48,"column":81},"end":{"line":59,"column":2}},"line":48},"9":{"name":"(anonymous_9)","decl":{"start":{"line":48,"column":93},"end":{"line":48,"column":94}},"loc":{"start":{"line":48,"column":114},"end":{"line":59,"column":1}},"line":48},"10":{"name":"(anonymous_10)","decl":{"start":{"line":50,"column":34},"end":{"line":50,"column":35}},"loc":{"start":{"line":50,"column":47},"end":{"line":58,"column":2}},"line":50},"11":{"name":"(anonymous_11)","decl":{"start":{"line":54,"column":84},"end":{"line":54,"column":85}},"loc":{"start":{"line":54,"column":101},"end":{"line":57,"column":3}},"line":54},"12":{"name":"(anonymous_12)","decl":{"start":{"line":62,"column":25},"end":{"line":62,"column":26}},"loc":{"start":{"line":62,"column":87},"end":{"line":76,"column":2}},"line":62},"13":{"name":"(anonymous_13)","decl":{"start":{"line":62,"column":99},"end":{"line":62,"column":100}},"loc":{"start":{"line":62,"column":120},"end":{"line":76,"column":1}},"line":62},"14":{"name":"(anonymous_14)","decl":{"start":{"line":66,"column":34},"end":{"line":66,"column":35}},"loc":{"start":{"line":66,"column":47},"end":{"line":75,"column":2}},"line":66},"15":{"name":"(anonymous_15)","decl":{"start":{"line":70,"column":109},"end":{"line":70,"column":110}},"loc":{"start":{"line":70,"column":123},"end":{"line":74,"column":3}},"line":70},"16":{"name":"(anonymous_16)","decl":{"start":{"line":79,"column":25},"end":{"line":79,"column":26}},"loc":{"start":{"line":79,"column":70},"end":{"line":93,"column":2}},"line":79},"17":{"name":"(anonymous_17)","decl":{"start":{"line":79,"column":82},"end":{"line":79,"column":83}},"loc":{"start":{"line":79,"column":103},"end":{"line":93,"column":1}},"line":79},"18":{"name":"(anonymous_18)","decl":{"start":{"line":83,"column":34},"end":{"line":83,"column":35}},"loc":{"start":{"line":83,"column":47},"end":{"line":92,"column":2}},"line":83},"19":{"name":"(anonymous_19)","decl":{"start":{"line":87,"column":84},"end":{"line":87,"column":85}},"loc":{"start":{"line":87,"column":98},"end":{"line":91,"column":3}},"line":87},"20":{"name":"(anonymous_20)","decl":{"start":{"line":96,"column":37},"end":{"line":96,"column":38}},"loc":{"start":{"line":96,"column":86},"end":{"line":107,"column":2}},"line":96},"21":{"name":"(anonymous_21)","decl":{"start":{"line":96,"column":98},"end":{"line":96,"column":99}},"loc":{"start":{"line":96,"column":119},"end":{"line":107,"column":1}},"line":96},"22":{"name":"(anonymous_22)","decl":{"start":{"line":98,"column":34},"end":{"line":98,"column":35}},"loc":{"start":{"line":98,"column":47},"end":{"line":106,"column":2}},"line":98},"23":{"name":"(anonymous_23)","decl":{"start":{"line":102,"column":62},"end":{"line":102,"column":63}},"loc":{"start":{"line":102,"column":79},"end":{"line":105,"column":3}},"line":102}},"branchMap":{},"s":{"0":5,"1":5,"2":5,"3":5,"4":5,"5":5,"6":5,"7":5,"8":5,"9":5,"10":5,"11":5,"12":5,"13":1,"14":1,"15":1,"16":1,"17":1,"18":1,"19":5,"20":1,"21":1,"22":1,"23":1,"24":1,"25":1,"26":5,"27":1,"28":1,"29":1,"30":1,"31":1,"32":1,"33":1,"34":5,"35":6,"36":6,"37":5,"38":5,"39":5,"40":5,"41":5,"42":5,"43":6,"44":6,"45":6,"46":6,"47":6,"48":6},"f":{"0":5,"1":5,"2":5,"3":5,"4":1,"5":1,"6":1,"7":1,"8":1,"9":1,"10":1,"11":1,"12":1,"13":1,"14":1,"15":1,"16":6,"17":6,"18":5,"19":5,"20":6,"21":6,"22":6,"23":6},"b":{},"_coverageSchema":"332fd63041d2c1bcb487cc26dd0d5f7d97098a6c","hash":"52c9be530de21516604d6746f793834c6b374376"}
,"/home/genaro/Desktop/340CT/bedenkog-local-news-articles-and-events/modules/articles-controller.js": {"path":"/home/genaro/Desktop/340CT/bedenkog-local-news-articles-and-events/modules/articles-controller.js","statementMap":{"0":{"start":{"line":3,"column":20},"end":{"line":3,"column":76}},"1":{"start":{"line":4,"column":27},"end":{"line":4,"column":37}},"2":{"start":{"line":6,"column":17},"end":{"line":6,"column":52}},"3":{"start":{"line":9,"column":28},"end":{"line":9,"column":61}},"4":{"start":{"line":12,"column":0},"end":{"line":23,"column":1}},"5":{"start":{"line":14,"column":20},"end":{"line":15,"column":27}},"6":{"start":{"line":15,"column":20},"end":{"line":15,"column":26}},"7":{"start":{"line":17,"column":28},"end":{"line":17,"column":44}},"8":{"start":{"line":20,"column":1},"end":{"line":20,"column":41}},"9":{"start":{"line":22,"column":1},"end":{"line":22,"column":26}},"10":{"start":{"line":26,"column":0},"end":{"line":34,"column":1}},"11":{"start":{"line":28,"column":20},"end":{"line":29,"column":29}},"12":{"start":{"line":29,"column":21},"end":{"line":29,"column":28}},"13":{"start":{"line":31,"column":17},"end":{"line":31,"column":33}},"14":{"start":{"line":33,"column":1},"end":{"line":33,"column":15}},"15":{"start":{"line":37,"column":0},"end":{"line":91,"column":1}},"16":{"start":{"line":39,"column":24},"end":{"line":39,"column":26}},"17":{"start":{"line":42,"column":20},"end":{"line":42,"column":22}},"18":{"start":{"line":44,"column":1},"end":{"line":87,"column":2}},"19":{"start":{"line":48,"column":19},"end":{"line":49,"column":30}},"20":{"start":{"line":49,"column":22},"end":{"line":49,"column":29}},"21":{"start":{"line":52,"column":2},"end":{"line":52,"column":35}},"22":{"start":{"line":56,"column":2},"end":{"line":86,"column":3}},"23":{"start":{"line":59,"column":3},"end":{"line":59,"column":29}},"24":{"start":{"line":62,"column":3},"end":{"line":62,"column":26}},"25":{"start":{"line":65,"column":20},"end":{"line":66,"column":31}},"26":{"start":{"line":66,"column":23},"end":{"line":66,"column":30}},"27":{"start":{"line":69,"column":3},"end":{"line":69,"column":36}},"28":{"start":{"line":74,"column":3},"end":{"line":74,"column":28}},"29":{"start":{"line":77,"column":3},"end":{"line":77,"column":26}},"30":{"start":{"line":80,"column":20},"end":{"line":81,"column":31}},"31":{"start":{"line":81,"column":23},"end":{"line":81,"column":30}},"32":{"start":{"line":84,"column":3},"end":{"line":84,"column":36}},"33":{"start":{"line":90,"column":1},"end":{"line":90,"column":24}},"34":{"start":{"line":94,"column":0},"end":{"line":102,"column":1}},"35":{"start":{"line":96,"column":23},"end":{"line":97,"column":29}},"36":{"start":{"line":97,"column":21},"end":{"line":97,"column":28}},"37":{"start":{"line":99,"column":31},"end":{"line":99,"column":50}},"38":{"start":{"line":101,"column":1},"end":{"line":101,"column":29}},"39":{"start":{"line":105,"column":0},"end":{"line":113,"column":1}},"40":{"start":{"line":107,"column":23},"end":{"line":108,"column":29}},"41":{"start":{"line":108,"column":21},"end":{"line":108,"column":28}},"42":{"start":{"line":110,"column":31},"end":{"line":110,"column":50}},"43":{"start":{"line":112,"column":1},"end":{"line":112,"column":29}}},"fnMap":{"0":{"name":"(anonymous_0)","decl":{"start":{"line":12,"column":14},"end":{"line":12,"column":15}},"loc":{"start":{"line":12,"column":38},"end":{"line":23,"column":1}},"line":12},"1":{"name":"(anonymous_1)","decl":{"start":{"line":15,"column":8},"end":{"line":15,"column":9}},"loc":{"start":{"line":15,"column":20},"end":{"line":15,"column":26}},"line":15},"2":{"name":"(anonymous_2)","decl":{"start":{"line":26,"column":18},"end":{"line":26,"column":19}},"loc":{"start":{"line":26,"column":38},"end":{"line":34,"column":1}},"line":26},"3":{"name":"(anonymous_3)","decl":{"start":{"line":29,"column":8},"end":{"line":29,"column":9}},"loc":{"start":{"line":29,"column":21},"end":{"line":29,"column":28}},"line":29},"4":{"name":"(anonymous_4)","decl":{"start":{"line":37,"column":17},"end":{"line":37,"column":18}},"loc":{"start":{"line":37,"column":39},"end":{"line":91,"column":1}},"line":37},"5":{"name":"(anonymous_5)","decl":{"start":{"line":49,"column":9},"end":{"line":49,"column":10}},"loc":{"start":{"line":49,"column":22},"end":{"line":49,"column":29}},"line":49},"6":{"name":"(anonymous_6)","decl":{"start":{"line":66,"column":10},"end":{"line":66,"column":11}},"loc":{"start":{"line":66,"column":23},"end":{"line":66,"column":30}},"line":66},"7":{"name":"(anonymous_7)","decl":{"start":{"line":81,"column":10},"end":{"line":81,"column":11}},"loc":{"start":{"line":81,"column":23},"end":{"line":81,"column":30}},"line":81},"8":{"name":"(anonymous_8)","decl":{"start":{"line":94,"column":17},"end":{"line":94,"column":18}},"loc":{"start":{"line":94,"column":62},"end":{"line":102,"column":1}},"line":94},"9":{"name":"(anonymous_9)","decl":{"start":{"line":97,"column":8},"end":{"line":97,"column":9}},"loc":{"start":{"line":97,"column":21},"end":{"line":97,"column":28}},"line":97},"10":{"name":"(anonymous_10)","decl":{"start":{"line":105,"column":17},"end":{"line":105,"column":18}},"loc":{"start":{"line":105,"column":37},"end":{"line":113,"column":1}},"line":105},"11":{"name":"(anonymous_11)","decl":{"start":{"line":108,"column":8},"end":{"line":108,"column":9}},"loc":{"start":{"line":108,"column":21},"end":{"line":108,"column":28}},"line":108}},"branchMap":{"0":{"loc":{"start":{"line":44,"column":1},"end":{"line":87,"column":2}},"type":"if","locations":[{"start":{"line":44,"column":1},"end":{"line":87,"column":2}},{"start":{"line":44,"column":1},"end":{"line":87,"column":2}}],"line":44},"1":{"loc":{"start":{"line":56,"column":2},"end":{"line":86,"column":3}},"type":"if","locations":[{"start":{"line":56,"column":2},"end":{"line":86,"column":3}},{"start":{"line":56,"column":2},"end":{"line":86,"column":3}}],"line":56}},"s":{"0":2,"1":2,"2":2,"3":2,"4":2,"5":1,"6":1,"7":1,"8":1,"9":1,"10":2,"11":1,"12":1,"13":1,"14":1,"15":2,"16":3,"17":3,"18":3,"19":1,"20":1,"21":1,"22":2,"23":1,"24":1,"25":1,"26":1,"27":1,"28":1,"29":1,"30":1,"31":1,"32":1,"33":3,"34":2,"35":1,"36":1,"37":1,"38":1,"39":2,"40":1,"41":1,"42":1,"43":1},"f":{"0":1,"1":1,"2":1,"3":1,"4":3,"5":1,"6":1,"7":1,"8":1,"9":1,"10":1,"11":1},"b":{"0":[1,2],"1":[1,1]},"_coverageSchema":"332fd63041d2c1bcb487cc26dd0d5f7d97098a6c","hash":"094abe5cd4fdbf902e9a3fe76ee46c04db0fe0bc"}
,"/home/genaro/Desktop/340CT/bedenkog-local-news-articles-and-events/modules/events-controller.js": {"path":"/home/genaro/Desktop/340CT/bedenkog-local-news-articles-and-events/modules/events-controller.js","statementMap":{"0":{"start":{"line":3,"column":20},"end":{"line":3,"column":76}},"1":{"start":{"line":4,"column":25},"end":{"line":4,"column":33}},"2":{"start":{"line":6,"column":17},"end":{"line":6,"column":52}},"3":{"start":{"line":9,"column":28},"end":{"line":9,"column":61}},"4":{"start":{"line":12,"column":0},"end":{"line":23,"column":1}},"5":{"start":{"line":14,"column":18},"end":{"line":15,"column":27}},"6":{"start":{"line":15,"column":20},"end":{"line":15,"column":26}},"7":{"start":{"line":17,"column":26},"end":{"line":17,"column":40}},"8":{"start":{"line":20,"column":1},"end":{"line":20,"column":41}},"9":{"start":{"line":22,"column":1},"end":{"line":22,"column":24}},"10":{"start":{"line":26,"column":0},"end":{"line":34,"column":1}},"11":{"start":{"line":28,"column":18},"end":{"line":29,"column":25}},"12":{"start":{"line":29,"column":19},"end":{"line":29,"column":24}},"13":{"start":{"line":31,"column":15},"end":{"line":31,"column":29}},"14":{"start":{"line":33,"column":1},"end":{"line":33,"column":13}},"15":{"start":{"line":37,"column":0},"end":{"line":91,"column":1}},"16":{"start":{"line":39,"column":22},"end":{"line":39,"column":24}},"17":{"start":{"line":42,"column":20},"end":{"line":42,"column":22}},"18":{"start":{"line":44,"column":1},"end":{"line":87,"column":2}},"19":{"start":{"line":48,"column":17},"end":{"line":49,"column":30}},"20":{"start":{"line":49,"column":22},"end":{"line":49,"column":29}},"21":{"start":{"line":52,"column":2},"end":{"line":52,"column":31}},"22":{"start":{"line":56,"column":2},"end":{"line":86,"column":3}},"23":{"start":{"line":59,"column":3},"end":{"line":59,"column":29}},"24":{"start":{"line":62,"column":3},"end":{"line":62,"column":26}},"25":{"start":{"line":65,"column":18},"end":{"line":66,"column":31}},"26":{"start":{"line":66,"column":23},"end":{"line":66,"column":30}},"27":{"start":{"line":69,"column":3},"end":{"line":69,"column":32}},"28":{"start":{"line":74,"column":3},"end":{"line":74,"column":28}},"29":{"start":{"line":77,"column":3},"end":{"line":77,"column":26}},"30":{"start":{"line":80,"column":18},"end":{"line":81,"column":31}},"31":{"start":{"line":81,"column":23},"end":{"line":81,"column":30}},"32":{"start":{"line":84,"column":3},"end":{"line":84,"column":32}},"33":{"start":{"line":90,"column":1},"end":{"line":90,"column":22}},"34":{"start":{"line":94,"column":0},"end":{"line":102,"column":1}},"35":{"start":{"line":96,"column":21},"end":{"line":97,"column":25}},"36":{"start":{"line":97,"column":19},"end":{"line":97,"column":24}},"37":{"start":{"line":99,"column":29},"end":{"line":99,"column":46}},"38":{"start":{"line":101,"column":1},"end":{"line":101,"column":27}},"39":{"start":{"line":105,"column":0},"end":{"line":112,"column":1}},"40":{"start":{"line":107,"column":21},"end":{"line":107,"column":84}},"41":{"start":{"line":109,"column":29},"end":{"line":109,"column":46}},"42":{"start":{"line":111,"column":1},"end":{"line":111,"column":27}}},"fnMap":{"0":{"name":"(anonymous_0)","decl":{"start":{"line":12,"column":14},"end":{"line":12,"column":15}},"loc":{"start":{"line":12,"column":36},"end":{"line":23,"column":1}},"line":12},"1":{"name":"(anonymous_1)","decl":{"start":{"line":15,"column":8},"end":{"line":15,"column":9}},"loc":{"start":{"line":15,"column":20},"end":{"line":15,"column":26}},"line":15},"2":{"name":"(anonymous_2)","decl":{"start":{"line":26,"column":18},"end":{"line":26,"column":19}},"loc":{"start":{"line":26,"column":36},"end":{"line":34,"column":1}},"line":26},"3":{"name":"(anonymous_3)","decl":{"start":{"line":29,"column":8},"end":{"line":29,"column":9}},"loc":{"start":{"line":29,"column":19},"end":{"line":29,"column":24}},"line":29},"4":{"name":"(anonymous_4)","decl":{"start":{"line":37,"column":17},"end":{"line":37,"column":18}},"loc":{"start":{"line":37,"column":39},"end":{"line":91,"column":1}},"line":37},"5":{"name":"(anonymous_5)","decl":{"start":{"line":49,"column":9},"end":{"line":49,"column":10}},"loc":{"start":{"line":49,"column":22},"end":{"line":49,"column":29}},"line":49},"6":{"name":"(anonymous_6)","decl":{"start":{"line":66,"column":10},"end":{"line":66,"column":11}},"loc":{"start":{"line":66,"column":23},"end":{"line":66,"column":30}},"line":66},"7":{"name":"(anonymous_7)","decl":{"start":{"line":81,"column":10},"end":{"line":81,"column":11}},"loc":{"start":{"line":81,"column":23},"end":{"line":81,"column":30}},"line":81},"8":{"name":"(anonymous_8)","decl":{"start":{"line":94,"column":17},"end":{"line":94,"column":18}},"loc":{"start":{"line":94,"column":58},"end":{"line":102,"column":1}},"line":94},"9":{"name":"(anonymous_9)","decl":{"start":{"line":97,"column":8},"end":{"line":97,"column":9}},"loc":{"start":{"line":97,"column":19},"end":{"line":97,"column":24}},"line":97},"10":{"name":"(anonymous_10)","decl":{"start":{"line":105,"column":17},"end":{"line":105,"column":18}},"loc":{"start":{"line":105,"column":35},"end":{"line":112,"column":1}},"line":105}},"branchMap":{"0":{"loc":{"start":{"line":44,"column":1},"end":{"line":87,"column":2}},"type":"if","locations":[{"start":{"line":44,"column":1},"end":{"line":87,"column":2}},{"start":{"line":44,"column":1},"end":{"line":87,"column":2}}],"line":44},"1":{"loc":{"start":{"line":56,"column":2},"end":{"line":86,"column":3}},"type":"if","locations":[{"start":{"line":56,"column":2},"end":{"line":86,"column":3}},{"start":{"line":56,"column":2},"end":{"line":86,"column":3}}],"line":56}},"s":{"0":2,"1":2,"2":2,"3":2,"4":2,"5":1,"6":1,"7":1,"8":1,"9":1,"10":2,"11":1,"12":1,"13":1,"14":1,"15":2,"16":3,"17":3,"18":3,"19":1,"20":1,"21":1,"22":2,"23":1,"24":1,"25":1,"26":1,"27":1,"28":1,"29":1,"30":1,"31":1,"32":1,"33":3,"34":2,"35":1,"36":1,"37":1,"38":1,"39":2,"40":1,"41":1,"42":1},"f":{"0":1,"1":1,"2":1,"3":1,"4":3,"5":1,"6":1,"7":1,"8":1,"9":1,"10":1},"b":{"0":[1,2],"1":[1,1]},"_coverageSchema":"332fd63041d2c1bcb487cc26dd0d5f7d97098a6c","hash":"a68ddde753dd695a756c8b85b4c16be98cfb8836"}
,"/home/genaro/Desktop/340CT/bedenkog-local-news-articles-and-events/modules/notify-administrator.js": {"path":"/home/genaro/Desktop/340CT/bedenkog-local-news-articles-and-events/modules/notify-administrator.js","statementMap":{"0":{"start":{"line":3,"column":19},"end":{"line":3,"column":40}},"1":{"start":{"line":5,"column":20},"end":{"line":11,"column":2}},"2":{"start":{"line":13,"column":0},"end":{"line":23,"column":1}},"3":{"start":{"line":15,"column":21},"end":{"line":20,"column":2}},"4":{"start":{"line":22,"column":1},"end":{"line":22,"column":34}}},"fnMap":{"0":{"name":"(anonymous_0)","decl":{"start":{"line":13,"column":29},"end":{"line":13,"column":30}},"loc":{"start":{"line":13,"column":35},"end":{"line":23,"column":1}},"line":13}},"branchMap":{},"s":{"0":4,"1":4,"2":4,"3":2,"4":2},"f":{"0":2},"b":{},"_coverageSchema":"332fd63041d2c1bcb487cc26dd0d5f7d97098a6c","hash":"20f113d5d92e108c0de26572ad30fbcd7aef05a9"}
}
