TN:
SF:/home/genaro/Desktop/340CT/bedenkog-local-news-articles-and-events/articles-and-events-api.js
FN:28,(anonymous_0)
FN:35,(anonymous_1)
FN:49,(anonymous_2)
FN:63,(anonymous_3)
FN:83,(anonymous_4)
FN:102,(anonymous_5)
FN:121,(anonymous_6)
FN:135,(anonymous_7)
FN:149,(anonymous_8)
FN:169,(anonymous_9)
FN:188,(anonymous_10)
FN:211,(anonymous_11)
FNF:12
FNH:12
FNDA:30,(anonymous_0)
FNDA:3,(anonymous_1)
FNDA:3,(anonymous_2)
FNDA:3,(anonymous_3)
FNDA:3,(anonymous_4)
FNDA:3,(anonymous_5)
FNDA:3,(anonymous_6)
FNDA:3,(anonymous_7)
FNDA:3,(anonymous_8)
FNDA:3,(anonymous_9)
FNDA:3,(anonymous_10)
FNDA:1,(anonymous_11)
DA:5,1
DA:8,1
DA:9,1
DA:10,1
DA:13,1
DA:14,1
DA:15,1
DA:18,1
DA:21,1
DA:24,1
DA:25,1
DA:28,1
DA:29,30
DA:30,30
DA:31,30
DA:35,1
DA:38,3
DA:41,3
DA:44,3
DA:45,3
DA:49,1
DA:52,3
DA:55,3
DA:58,3
DA:59,3
DA:63,1
DA:66,3
DA:69,3
DA:71,3
DA:73,2
DA:74,2
DA:77,1
DA:78,1
DA:83,1
DA:86,3
DA:89,3
DA:91,3
DA:93,2
DA:94,2
DA:96,1
DA:97,1
DA:102,1
DA:105,3
DA:108,3
DA:110,3
DA:112,2
DA:113,2
DA:115,1
DA:116,1
DA:121,1
DA:124,3
DA:127,3
DA:130,3
DA:131,3
DA:135,1
DA:138,3
DA:141,3
DA:144,3
DA:145,3
DA:149,1
DA:152,3
DA:155,3
DA:157,3
DA:159,2
DA:160,2
DA:163,1
DA:164,1
DA:169,1
DA:172,3
DA:175,3
DA:177,3
DA:179,2
DA:180,2
DA:182,1
DA:183,1
DA:188,1
DA:191,3
DA:194,3
DA:196,3
DA:198,2
DA:199,2
DA:201,1
DA:202,1
DA:207,1
DA:208,1
DA:211,1
DA:214,1
LF:87
LH:87
BRDA:71,0,0,2
BRDA:71,0,1,1
BRDA:91,1,0,2
BRDA:91,1,1,1
BRDA:110,2,0,2
BRDA:110,2,1,1
BRDA:157,3,0,2
BRDA:157,3,1,1
BRDA:177,4,0,2
BRDA:177,4,1,1
BRDA:196,5,0,2
BRDA:196,5,1,1
BRF:12
BRH:12
end_of_record
TN:
SF:/home/genaro/Desktop/340CT/bedenkog-local-news-articles-and-events/modules/articles-and-events-db.js
FN:10,(anonymous_0)
FN:10,(anonymous_1)
FN:16,(anonymous_2)
FN:23,(anonymous_3)
FN:36,(anonymous_4)
FN:36,(anonymous_5)
FN:40,(anonymous_6)
FN:50,(anonymous_7)
FN:62,(anonymous_8)
FN:62,(anonymous_9)
FN:64,(anonymous_10)
FN:71,(anonymous_11)
FN:83,(anonymous_12)
FN:83,(anonymous_13)
FN:87,(anonymous_14)
FN:94,(anonymous_15)
FN:107,(anonymous_16)
FN:107,(anonymous_17)
FN:111,(anonymous_18)
FN:118,(anonymous_19)
FN:131,(anonymous_20)
FN:131,(anonymous_21)
FN:133,(anonymous_22)
FN:137,(anonymous_23)
FNF:24
FNH:24
FNDA:6,(anonymous_0)
FNDA:6,(anonymous_1)
FNDA:6,(anonymous_2)
FNDA:5,(anonymous_3)
FNDA:2,(anonymous_4)
FNDA:2,(anonymous_5)
FNDA:2,(anonymous_6)
FNDA:1,(anonymous_7)
FNDA:2,(anonymous_8)
FNDA:2,(anonymous_9)
FNDA:2,(anonymous_10)
FNDA:1,(anonymous_11)
FNDA:2,(anonymous_12)
FNDA:2,(anonymous_13)
FNDA:2,(anonymous_14)
FNDA:1,(anonymous_15)
FNDA:7,(anonymous_16)
FNDA:7,(anonymous_17)
FNDA:7,(anonymous_18)
FNDA:6,(anonymous_19)
FNDA:6,(anonymous_20)
FNDA:6,(anonymous_21)
FNDA:6,(anonymous_22)
FNDA:6,(anonymous_23)
DA:4,5
DA:5,5
DA:7,5
DA:10,6
DA:12,6
DA:16,6
DA:18,6
DA:20,6
DA:21,6
DA:23,5
DA:24,5
DA:25,5
DA:26,5
DA:30,1
DA:36,5
DA:40,2
DA:42,2
DA:44,2
DA:46,2
DA:50,1
DA:51,1
DA:52,1
DA:56,1
DA:62,5
DA:64,2
DA:66,2
DA:68,2
DA:69,2
DA:71,1
DA:72,1
DA:73,1
DA:77,1
DA:83,5
DA:87,2
DA:89,2
DA:91,2
DA:92,2
DA:94,1
DA:95,1
DA:96,1
DA:97,1
DA:101,1
DA:107,7
DA:111,7
DA:113,7
DA:115,7
DA:116,7
DA:118,6
DA:119,6
DA:120,6
DA:121,6
DA:125,1
DA:131,6
DA:133,6
DA:135,6
DA:137,6
DA:138,6
DA:139,6
LF:58
LH:58
BRDA:18,0,0,1
BRDA:18,0,1,5
BRDA:42,1,0,1
BRDA:42,1,1,1
BRDA:66,2,0,1
BRDA:66,2,1,1
BRDA:89,3,0,1
BRDA:89,3,1,1
BRDA:113,4,0,1
BRDA:113,4,1,6
BRF:10
BRH:10
end_of_record
TN:
SF:/home/genaro/Desktop/340CT/bedenkog-local-news-articles-and-events/modules/articles-controller.js
FN:12,(anonymous_0)
FN:15,(anonymous_1)
FN:16,(anonymous_2)
FN:27,(anonymous_3)
FN:30,(anonymous_4)
FN:31,(anonymous_5)
FN:39,(anonymous_6)
FN:51,(anonymous_7)
FN:68,(anonymous_8)
FN:83,(anonymous_9)
FN:96,(anonymous_10)
FN:99,(anonymous_11)
FN:100,(anonymous_12)
FN:108,(anonymous_13)
FN:111,(anonymous_14)
FN:112,(anonymous_15)
FNF:16
FNH:16
FNDA:2,(anonymous_0)
FNDA:1,(anonymous_1)
FNDA:1,(anonymous_2)
FNDA:2,(anonymous_3)
FNDA:1,(anonymous_4)
FNDA:1,(anonymous_5)
FNDA:3,(anonymous_6)
FNDA:1,(anonymous_7)
FNDA:1,(anonymous_8)
FNDA:1,(anonymous_9)
FNDA:3,(anonymous_10)
FNDA:1,(anonymous_11)
FNDA:2,(anonymous_12)
FNDA:2,(anonymous_13)
FNDA:1,(anonymous_14)
FNDA:1,(anonymous_15)
DA:3,2
DA:4,2
DA:6,2
DA:9,2
DA:12,2
DA:14,2
DA:15,1
DA:16,1
DA:18,2
DA:21,2
DA:23,2
DA:27,2
DA:29,2
DA:30,1
DA:31,1
DA:33,2
DA:35,2
DA:39,2
DA:41,3
DA:44,3
DA:46,3
DA:50,1
DA:51,1
DA:54,1
DA:58,2
DA:61,1
DA:64,1
DA:67,1
DA:68,1
DA:71,1
DA:76,1
DA:79,1
DA:82,1
DA:83,1
DA:86,1
DA:92,3
DA:96,2
DA:98,3
DA:99,1
DA:100,2
DA:102,3
DA:104,3
DA:108,2
DA:110,2
DA:111,1
DA:112,1
DA:114,2
DA:116,2
LF:48
LH:48
BRDA:46,0,0,1
BRDA:46,0,1,2
BRDA:58,1,0,1
BRDA:58,1,1,1
BRF:4
BRH:4
end_of_record
TN:
SF:/home/genaro/Desktop/340CT/bedenkog-local-news-articles-and-events/modules/events-controller.js
FN:12,(anonymous_0)
FN:15,(anonymous_1)
FN:16,(anonymous_2)
FN:27,(anonymous_3)
FN:30,(anonymous_4)
FN:31,(anonymous_5)
FN:39,(anonymous_6)
FN:51,(anonymous_7)
FN:68,(anonymous_8)
FN:83,(anonymous_9)
FN:96,(anonymous_10)
FN:99,(anonymous_11)
FN:100,(anonymous_12)
FN:108,(anonymous_13)
FN:111,(anonymous_14)
FN:112,(anonymous_15)
FNF:16
FNH:16
FNDA:2,(anonymous_0)
FNDA:1,(anonymous_1)
FNDA:1,(anonymous_2)
FNDA:2,(anonymous_3)
FNDA:1,(anonymous_4)
FNDA:1,(anonymous_5)
FNDA:3,(anonymous_6)
FNDA:1,(anonymous_7)
FNDA:1,(anonymous_8)
FNDA:1,(anonymous_9)
FNDA:3,(anonymous_10)
FNDA:1,(anonymous_11)
FNDA:2,(anonymous_12)
FNDA:2,(anonymous_13)
FNDA:1,(anonymous_14)
FNDA:1,(anonymous_15)
DA:3,2
DA:4,2
DA:6,2
DA:9,2
DA:12,2
DA:14,2
DA:15,1
DA:16,1
DA:18,2
DA:21,2
DA:23,2
DA:27,2
DA:29,2
DA:30,1
DA:31,1
DA:33,2
DA:35,2
DA:39,2
DA:41,3
DA:44,3
DA:46,3
DA:50,1
DA:51,1
DA:54,1
DA:58,2
DA:61,1
DA:64,1
DA:67,1
DA:68,1
DA:71,1
DA:76,1
DA:79,1
DA:82,1
DA:83,1
DA:86,1
DA:92,3
DA:96,2
DA:98,3
DA:99,1
DA:100,2
DA:102,3
DA:104,3
DA:108,2
DA:110,2
DA:111,1
DA:112,1
DA:114,2
DA:116,2
LF:48
LH:48
BRDA:46,0,0,1
BRDA:46,0,1,2
BRDA:58,1,0,1
BRDA:58,1,1,1
BRF:4
BRH:4
end_of_record
TN:
SF:/home/genaro/Desktop/340CT/bedenkog-local-news-articles-and-events/modules/notify-administrator.js
FN:13,(anonymous_0)
FNF:1
FNH:1
FNDA:4,(anonymous_0)
DA:3,4
DA:5,4
DA:13,4
DA:15,4
DA:22,4
LF:5
LH:5
BRF:0
BRH:0
end_of_record
